0 info it worked if it ends with ok
1 verbose cli [ '/usr/local/bin/node',
1 verbose cli   '/usr/local/bin/npm',
1 verbose cli   'install',
1 verbose cli   'socketio-jwt' ]
2 info using npm@2.15.0
3 info using node@v4.4.2
4 verbose install initial load of /Users/osxvn/Desktop/chat/package.json
5 verbose stack Error: Failed to parse json
5 verbose stack No value found for key socket.io at 7:18
5 verbose stack     "socket.io": “0.52”
5 verbose stack                  ^
5 verbose stack     at parseError (/usr/local/lib/node_modules/npm/node_modules/read-package-json/read-json.js:379:11)
5 verbose stack     at parseJson (/usr/local/lib/node_modules/npm/node_modules/read-package-json/read-json.js:68:23)
5 verbose stack     at /usr/local/lib/node_modules/npm/node_modules/read-package-json/read-json.js:48:5
5 verbose stack     at /usr/local/lib/node_modules/npm/node_modules/graceful-fs/graceful-fs.js:78:16
5 verbose stack     at FSReqWrap.readFileAfterClose [as oncomplete] (fs.js:380:3)
6 verbose cwd /Users/osxvn/Desktop/chat
7 error Darwin 15.2.0
8 error argv "/usr/local/bin/node" "/usr/local/bin/npm" "install" "socketio-jwt"
9 error node v4.4.2
10 error npm  v2.15.0
11 error file /Users/osxvn/Desktop/chat/package.json
12 error code EJSONPARSE
13 error Failed to parse json
13 error No value found for key socket.io at 7:18
13 error     "socket.io": “0.52”
13 error                  ^
14 error File: /Users/osxvn/Desktop/chat/package.json
15 error Failed to parse package.json data.
15 error package.json must be actual JSON, not just JavaScript.
15 error
15 error This is not a bug in npm.
15 error Tell the package author to fix their package.json file. JSON.parse
16 verbose exit [ 1, true ]
